<?xml version="1.0" encoding="UTF-8"?>
<testng-results ignored="0" total="8" passed="8" failed="0" skipped="0">
  <reporter-output>
  </reporter-output>
  <suite started-at="2024-08-03T22:02:40 IST" name="Default suite" finished-at="2024-08-03T22:02:44 IST" duration-ms="4507">
    <groups>
    </groups>
    <test started-at="2024-08-03T22:02:40 IST" name="Default test" finished-at="2024-08-03T22:02:44 IST" duration-ms="4507">
      <class name="com.test.FitPeoAutomation">
        <test-method is-config="true" signature="lauchBrowser()[pri:0, instance:com.test.FitPeoAutomation@f09733f]" started-at="2024-08-03T22:02:34 IST" name="lauchBrowser" finished-at="2024-08-03T22:02:40 IST" duration-ms="5617" status="PASS">
          <reporter-output>
          </reporter-output>
        </test-method> <!-- lauchBrowser -->
        <test-method signature="navigateToRevenueCalculatorPage()[pri:1, instance:com.test.FitPeoAutomation@f09733f]" started-at="2024-08-03T22:02:40 IST" name="navigateToRevenueCalculatorPage" finished-at="2024-08-03T22:02:40 IST" duration-ms="213" status="PASS">
          <reporter-output>
          </reporter-output>
        </test-method> <!-- navigateToRevenueCalculatorPage -->
        <test-method signature="scrollDownSlider()[pri:2, instance:com.test.FitPeoAutomation@f09733f]" started-at="2024-08-03T22:02:40 IST" name="scrollDownSlider" finished-at="2024-08-03T22:02:41 IST" duration-ms="1162" status="PASS">
          <reporter-output>
          </reporter-output>
        </test-method> <!-- scrollDownSlider -->
        <test-method signature="adjustSlider()[pri:3, instance:com.test.FitPeoAutomation@f09733f]" started-at="2024-08-03T22:02:41 IST" name="adjustSlider" finished-at="2024-08-03T22:02:42 IST" duration-ms="720" status="PASS">
          <reporter-output>
          </reporter-output>
        </test-method> <!-- adjustSlider -->
        <test-method signature="updateTextField()[pri:4, instance:com.test.FitPeoAutomation@f09733f]" started-at="2024-08-03T22:02:42 IST" name="updateTextField" finished-at="2024-08-03T22:02:43 IST" duration-ms="1149" status="PASS">
          <reporter-output>
          </reporter-output>
        </test-method> <!-- updateTextField -->
        <test-method signature="validateSliderValue()[pri:5, instance:com.test.FitPeoAutomation@f09733f]" started-at="2024-08-03T22:02:43 IST" name="validateSliderValue" finished-at="2024-08-03T22:02:43 IST" duration-ms="68" status="PASS">
          <reporter-output>
          </reporter-output>
        </test-method> <!-- validateSliderValue -->
        <test-method signature="selectCPTCodes()[pri:6, instance:com.test.FitPeoAutomation@f09733f]" started-at="2024-08-03T22:02:43 IST" name="selectCPTCodes" finished-at="2024-08-03T22:02:44 IST" duration-ms="897" status="PASS">
          <reporter-output>
          </reporter-output>
        </test-method> <!-- selectCPTCodes -->
        <test-method signature="validateTotalRecurringReimbursement()[pri:7, instance:com.test.FitPeoAutomation@f09733f]" started-at="2024-08-03T22:02:44 IST" name="validateTotalRecurringReimbursement" finished-at="2024-08-03T22:02:44 IST" duration-ms="112" status="PASS">
          <reporter-output>
          </reporter-output>
        </test-method> <!-- validateTotalRecurringReimbursement -->
        <test-method signature="verifyDisplayValue()[pri:8, instance:com.test.FitPeoAutomation@f09733f]" started-at="2024-08-03T22:02:44 IST" name="verifyDisplayValue" finished-at="2024-08-03T22:02:44 IST" duration-ms="76" status="PASS">
          <reporter-output>
          </reporter-output>
        </test-method> <!-- verifyDisplayValue -->
        <test-method is-config="true" signature="tearDown()[pri:0, instance:com.test.FitPeoAutomation@f09733f]" started-at="2024-08-03T22:02:45 IST" name="tearDown" finished-at="2024-08-03T22:02:45 IST" duration-ms="657" status="PASS">
          <reporter-output>
          </reporter-output>
        </test-method> <!-- tearDown -->
      </class> <!-- com.test.FitPeoAutomation -->
    </test> <!-- Default test -->
  </suite> <!-- Default suite -->
</testng-results>
